[debug] [2020-08-02T03:13:05.292Z] ----------------------------------------------------------------------
[debug] [2020-08-02T03:13:05.295Z] Command:       C:\Program Files\nodejs\node.exe C:\Users\franc\AppData\Roaming\npm\node_modules\firebase-tools\lib\bin\firebase.js init
[debug] [2020-08-02T03:13:05.295Z] CLI Version:   7.12.1
[debug] [2020-08-02T03:13:05.295Z] Platform:      win32
[debug] [2020-08-02T03:13:05.295Z] Node Version:  v10.18.0
[debug] [2020-08-02T03:13:05.297Z] Time:          Sat Aug 01 2020 21:13:05 GMT-0600 (GMT-06:00)
[debug] [2020-08-02T03:13:05.297Z] ----------------------------------------------------------------------
[debug] [2020-08-02T03:13:05.297Z] 
[debug] [2020-08-02T03:13:05.306Z] > command requires scopes: ["email","openid","https://www.googleapis.com/auth/cloudplatformprojects.readonly","https://www.googleapis.com/auth/firebase","https://www.googleapis.com/auth/cloud-platform"]
[debug] [2020-08-02T03:13:05.306Z] > authorizing via signed-in user
[info] 
     ######## #### ########  ######## ########     ###     ######  ########
     ##        ##  ##     ## ##       ##     ##  ##   ##  ##       ##
     ######    ##  ########  ######   ########  #########  ######  ######
     ##        ##  ##    ##  ##       ##     ## ##     ##       ## ##
     ##       #### ##     ## ######## ########  ##     ##  ######  ########

You're about to initialize a Firebase project in this directory:

  C:\Users\franc\Documents\Proyectos\FoodiesTestApp

[debug] [2020-08-02T03:13:25.778Z] ----------------------------------------------------------------------
[debug] [2020-08-02T03:13:25.780Z] Command:       C:\Program Files\nodejs\node.exe C:\Users\franc\AppData\Roaming\npm\node_modules\firebase-tools\lib\bin\firebase.js login
[debug] [2020-08-02T03:13:25.780Z] CLI Version:   7.12.1
[debug] [2020-08-02T03:13:25.780Z] Platform:      win32
[debug] [2020-08-02T03:13:25.780Z] Node Version:  v10.18.0
[debug] [2020-08-02T03:13:25.781Z] Time:          Sat Aug 01 2020 21:13:25 GMT-0600 (GMT-06:00)
[debug] [2020-08-02T03:13:25.781Z] ----------------------------------------------------------------------
[debug] [2020-08-02T03:13:25.781Z] 
